--------------------------------------------------------
OpenGLide Log File
--------------------------------------------------------
***** OpenGLide 0.09rc9 *****
--------------------------------------------------------
Date: 10/22/22
Time: 13:21:55
--------------------------------------------------------
--------------------------------------------------------
Clock Frequency: 2800.06 Mhz
--------------------------------------------------------
--------------------------------------------------------
Configuration file is glide.ini
--------------------------------------------------------
Wrapper Class Priority of 32
Wrapper Priority of 2
--------------------------------------------------------
--------------------------------------------------------
Time: 13:22:25
--------------------------------------------------------
